[debug] [2024-08-04T21:05:15.972Z] ----------------------------------------------------------------------
[debug] [2024-08-04T21:05:15.978Z] Command:       /Users/daniloviacavavizarreta/.nvm/versions/node/v20.5.0/bin/node /Users/daniloviacavavizarreta/.nvm/versions/node/v20.5.0/bin/firebase init
[debug] [2024-08-04T21:05:15.978Z] CLI Version:   13.13.0
[debug] [2024-08-04T21:05:15.978Z] Platform:      darwin
[debug] [2024-08-04T21:05:15.978Z] Node Version:  v20.5.0
[debug] [2024-08-04T21:05:15.978Z] Time:          Sun Aug 04 2024 23:05:15 GMT+0200 (hora de verano de Europa central)
[debug] [2024-08-04T21:05:15.979Z] ----------------------------------------------------------------------
[debug] 
[debug] [2024-08-04T21:05:15.981Z] >>> [apiv2][query] GET https://firebase-public.firebaseio.com/cli.json [none]
[debug] [2024-08-04T21:05:16.003Z] > command requires scopes: ["email","openid","https://www.googleapis.com/auth/cloudplatformprojects.readonly","https://www.googleapis.com/auth/firebase","https://www.googleapis.com/auth/cloud-platform"]
[debug] [2024-08-04T21:05:16.004Z] > authorizing via signed-in user (danilojesusv@gmail.com)
[info] 
     ######## #### ########  ######## ########     ###     ######  ########
     ##        ##  ##     ## ##       ##     ##  ##   ##  ##       ##
     ######    ##  ########  ######   ########  #########  ######  ######
     ##        ##  ##    ##  ##       ##     ## ##     ##       ## ##
     ##       #### ##     ## ######## ########  ##     ##  ######  ########

You're about to initialize a Firebase project in this directory:

  /Users/daniloviacavavizarreta/Documents/Javascript/condorlabs

[debug] [2024-08-04T21:05:16.644Z] <<< [apiv2][status] GET https://firebase-public.firebaseio.com/cli.json 200
[debug] [2024-08-04T21:05:16.644Z] <<< [apiv2][body] GET https://firebase-public.firebaseio.com/cli.json {"cloudBuildErrorAfter":1594252800000,"cloudBuildWarnAfter":1590019200000,"defaultNode10After":1594252800000,"minVersion":"3.0.5","node8DeploysDisabledAfter":1613390400000,"node8RuntimeDisabledAfter":1615809600000,"node8WarnAfter":1600128000000}
[debug] [2024-08-04T21:29:38.036Z] Error: setRawMode ENOENT
    at ReadStream.setRawMode (node:tty:77:31)
    at [_setRawMode] [as _setRawMode] (node:internal/readline/interface:374:18)
    at Interface.close (node:internal/readline/interface:524:24)
    at ReadStream.ontermend (node:internal/readline/interface:260:10)
    at ReadStream.emit (node:events:526:35)
    at ReadStream.emit (node:domain:489:12)
    at endReadableNT (node:internal/streams/readable:1376:12)
    at process.processTicksAndRejections (node:internal/process/task_queues:82:21)
[error] 
[error] Error: An unexpected error has occurred.
[debug] [2024-08-04T21:29:38.038Z] Error: write EIO
    at afterWriteDispatched (node:internal/stream_base_commons:160:15)
    at writeGeneric (node:internal/stream_base_commons:151:3)
    at Socket._writeGeneric (node:net:952:11)
    at Socket._write (node:net:964:8)
    at writeOrBuffer (node:internal/streams/writable:399:12)
    at _write (node:internal/streams/writable:340:10)
    at Writable.write (node:internal/streams/writable:344:10)
    at Console.log (/Users/daniloviacavavizarreta/.nvm/versions/node/v20.5.0/lib/node_modules/firebase-tools/node_modules/winston/lib/winston/transports/console.js:79:23)
    at Console._write (/Users/daniloviacavavizarreta/.nvm/versions/node/v20.5.0/lib/node_modules/firebase-tools/node_modules/winston-transport/modern.js:103:17)
    at doWrite (/Users/daniloviacavavizarreta/.nvm/versions/node/v20.5.0/lib/node_modules/firebase-tools/node_modules/winston-transport/node_modules/readable-stream/lib/_stream_writable.js:390:139)
[error] 
[error] Error: An unexpected error has occurred.
[debug] [2024-08-04T21:29:38.038Z] Error: write EIO
    at afterWriteDispatched (node:internal/stream_base_commons:160:15)
    at writeGeneric (node:internal/stream_base_commons:151:3)
    at Socket._writeGeneric (node:net:952:11)
    at Socket._write (node:net:964:8)
    at writeOrBuffer (node:internal/streams/writable:399:12)
    at _write (node:internal/streams/writable:340:10)
    at Writable.write (node:internal/streams/writable:344:10)
    at Console.log (/Users/daniloviacavavizarreta/.nvm/versions/node/v20.5.0/lib/node_modules/firebase-tools/node_modules/winston/lib/winston/transports/console.js:79:23)
    at Console._write (/Users/daniloviacavavizarreta/.nvm/versions/node/v20.5.0/lib/node_modules/firebase-tools/node_modules/winston-transport/modern.js:103:17)
    at doWrite (/Users/daniloviacavavizarreta/.nvm/versions/node/v20.5.0/lib/node_modules/firebase-tools/node_modules/winston-transport/node_modules/readable-stream/lib/_stream_writable.js:390:139)
[error] 
[error] Error: An unexpected error has occurred.
[debug] [2024-08-04T21:29:38.038Z] Error: write EIO
    at afterWriteDispatched (node:internal/stream_base_commons:160:15)
    at writeGeneric (node:internal/stream_base_commons:151:3)
    at Socket._writeGeneric (node:net:952:11)
    at Socket._write (node:net:964:8)
    at writeOrBuffer (node:internal/streams/writable:399:12)
    at _write (node:internal/streams/writable:340:10)
    at Writable.write (node:internal/streams/writable:344:10)
    at Console.log (/Users/daniloviacavavizarreta/.nvm/versions/node/v20.5.0/lib/node_modules/firebase-tools/node_modules/winston/lib/winston/transports/console.js:79:23)
    at Console._write (/Users/daniloviacavavizarreta/.nvm/versions/node/v20.5.0/lib/node_modules/firebase-tools/node_modules/winston-transport/modern.js:103:17)
    at doWrite (/Users/daniloviacavavizarreta/.nvm/versions/node/v20.5.0/lib/node_modules/firebase-tools/node_modules/winston-transport/node_modules/readable-stream/lib/_stream_writable.js:390:139)
[error] 
[error] Error: An unexpected error has occurred.
[debug] [2024-08-04T21:29:38.039Z] Error: write EIO
    at afterWriteDispatched (node:internal/stream_base_commons:160:15)
    at writeGeneric (node:internal/stream_base_commons:151:3)
    at Socket._writeGeneric (node:net:952:11)
    at Socket._write (node:net:964:8)
    at writeOrBuffer (node:internal/streams/writable:399:12)
    at _write (node:internal/streams/writable:340:10)
    at Writable.write (node:internal/streams/writable:344:10)
    at Console.log (/Users/daniloviacavavizarreta/.nvm/versions/node/v20.5.0/lib/node_modules/firebase-tools/node_modules/winston/lib/winston/transports/console.js:79:23)
    at Console._write (/Users/daniloviacavavizarreta/.nvm/versions/node/v20.5.0/lib/node_modules/firebase-tools/node_modules/winston-transport/modern.js:103:17)
    at doWrite (/Users/daniloviacavavizarreta/.nvm/versions/node/v20.5.0/lib/node_modules/firebase-tools/node_modules/winston-transport/node_modules/readable-stream/lib/_stream_writable.js:390:139)
[error] 
[error] Error: An unexpected error has occurred.
[debug] [2024-08-04T21:29:38.039Z] Error: write EIO
    at afterWriteDispatched (node:internal/stream_base_commons:160:15)
    at writeGeneric (node:internal/stream_base_commons:151:3)
    at Socket._writeGeneric (node:net:952:11)
    at Socket._write (node:net:964:8)
    at writeOrBuffer (node:internal/streams/writable:399:12)
    at _write (node:internal/streams/writable:340:10)
    at Writable.write (node:internal/streams/writable:344:10)
    at Console.log (/Users/daniloviacavavizarreta/.nvm/versions/node/v20.5.0/lib/node_modules/firebase-tools/node_modules/winston/lib/winston/transports/console.js:79:23)
    at Console._write (/Users/daniloviacavavizarreta/.nvm/versions/node/v20.5.0/lib/node_modules/firebase-tools/node_modules/winston-transport/modern.js:103:17)
    at doWrite (/Users/daniloviacavavizarreta/.nvm/versions/node/v20.5.0/lib/node_modules/firebase-tools/node_modules/winston-transport/node_modules/readable-stream/lib/_stream_writable.js:390:139)
[error] 
[error] Error: An unexpected error has occurred.
[debug] [2024-08-04T21:29:38.039Z] Error: write EIO
    at afterWriteDispatched (node:internal/stream_base_commons:160:15)
    at writeGeneric (node:internal/stream_base_commons:151:3)
    at Socket._writeGeneric (node:net:952:11)
    at Socket._write (node:net:964:8)
    at writeOrBuffer (node:internal/streams/writable:399:12)
    at _write (node:internal/streams/writable:340:10)
    at Writable.write (node:internal/streams/writable:344:10)
    at Console.log (/Users/daniloviacavavizarreta/.nvm/versions/node/v20.5.0/lib/node_modules/firebase-tools/node_modules/winston/lib/winston/transports/console.js:79:23)
    at Console._write (/Users/daniloviacavavizarreta/.nvm/versions/node/v20.5.0/lib/node_modules/firebase-tools/node_modules/winston-transport/modern.js:103:17)
    at doWrite (/Users/daniloviacavavizarreta/.nvm/versions/node/v20.5.0/lib/node_modules/firebase-tools/node_modules/winston-transport/node_modules/readable-stream/lib/_stream_writable.js:390:139)
[error] 
[error] Error: An unexpected error has occurred.
[debug] [2024-08-04T21:29:38.040Z] Error: write EIO
    at afterWriteDispatched (node:internal/stream_base_commons:160:15)
    at writeGeneric (node:internal/stream_base_commons:151:3)
    at Socket._writeGeneric (node:net:952:11)
    at Socket._write (node:net:964:8)
    at writeOrBuffer (node:internal/streams/writable:399:12)
    at _write (node:internal/streams/writable:340:10)
    at Writable.write (node:internal/streams/writable:344:10)
    at Console.log (/Users/daniloviacavavizarreta/.nvm/versions/node/v20.5.0/lib/node_modules/firebase-tools/node_modules/winston/lib/winston/transports/console.js:79:23)
    at Console._write (/Users/daniloviacavavizarreta/.nvm/versions/node/v20.5.0/lib/node_modules/firebase-tools/node_modules/winston-transport/modern.js:103:17)
    at doWrite (/Users/daniloviacavavizarreta/.nvm/versions/node/v20.5.0/lib/node_modules/firebase-tools/node_modules/winston-transport/node_modules/readable-stream/lib/_stream_writable.js:390:139)
[error] 
[error] Error: An unexpected error has occurred.
